<?xml version="1.0" encoding="UTF-8"?>
<testsuite name="pravin.rv.QuizZz.unitTests.service.accesscontrol.AccessControlServiceQuestionTests" time="0" tests="9" errors="0" skipped="0" failures="0">
  <properties>
[...]
</properties>
  <testcase name="canUserDeleteObject_userOwnsQuestion_shouldAllowModification" classname="pravin.rv.QuizZz.unitTests.service.accesscontrol.AccessControlServiceQuestionTests" time="0"/>
  <testcase name="canUserCreateObject_userOwnsQuiz_shouldAllow" classname="pravin.rv.QuizZz.unitTests.service.accesscontrol.AccessControlServiceQuestionTests" time="0"/>
  <testcase name="canUserDeleteObject_userDoesntOwnQuestion_shouldThrowException" classname="pravin.rv.QuizZz.unitTests.service.accesscontrol.AccessControlServiceQuestionTests" time="0"/>
  <testcase name="canUserReadObject_userOwnsQuestion_shouldAllowRead" classname="pravin.rv.QuizZz.unitTests.service.accesscontrol.AccessControlServiceQuestionTests" time="0"/>
  <testcase name="canUserReadObject_userDoentOwnQuestion_shouldAllowRead" classname="pravin.rv.QuizZz.unitTests.service.accesscontrol.AccessControlServiceQuestionTests" time="0"/>
  <testcase name="canUserUpdateObject_userOwnsQuestion_shouldAllowModification" classname="pravin.rv.QuizZz.unitTests.service.accesscontrol.AccessControlServiceQuestionTests" time="0"/>
  <testcase name="canUserCreateObject_userDoesntOwnQuiz_shouldThrowException" classname="pravin.rv.QuizZz.unitTests.service.accesscontrol.AccessControlServiceQuestionTests" time="0"/>
  <testcase name="canUserReadAllObjects_shouldNeverThrowException" classname="pravin.rv.QuizZz.unitTests.service.accesscontrol.AccessControlServiceQuestionTests" time="0"/>
  <testcase name="canUserUpdateObject_userDoesntOwnQuestion_shouldThrowException" classname="pravin.rv.QuizZz.unitTests.service.accesscontrol.AccessControlServiceQuestionTests" time="0"/>
</testsuite>